G:\冯总作业\Client\Debug\RelClient.exe
G:\冯总作业\Client\Debug\RelClient.ilk
G:\冯总作业\Client\Debug\RelClient.pdb
G:\冯总作业\Client\RelClient\Debug\cl.command.1.tlog
G:\冯总作业\Client\RelClient\Debug\CL.read.1.tlog
G:\冯总作业\Client\RelClient\Debug\CL.write.1.tlog
G:\冯总作业\CLIENT\RELCLIENT\DEBUG\CREATEUSER.OBJ
G:\冯总作业\Client\RelClient\Debug\link.command.1.tlog
G:\冯总作业\Client\RelClient\Debug\link.read.1.tlog
G:\冯总作业\Client\RelClient\Debug\link.write.1.tlog
G:\冯总作业\Client\RelClient\Debug\link-cvtres.read.1.tlog
G:\冯总作业\Client\RelClient\Debug\link-cvtres.write.1.tlog
G:\冯总作业\CLIENT\RELCLIENT\DEBUG\LOGIN.OBJ
G:\冯总作业\Client\RelClient\Debug\mt.command.1.tlog
G:\冯总作业\Client\RelClient\Debug\mt.read.1.tlog
G:\冯总作业\Client\RelClient\Debug\mt.write.1.tlog
G:\冯总作业\Client\RelClient\Debug\rc.command.1.tlog
G:\冯总作业\Client\RelClient\Debug\rc.read.1.tlog
G:\冯总作业\Client\RelClient\Debug\rc.write.1.tlog
G:\冯总作业\CLIENT\RELCLIENT\DEBUG\RELCLIENT.EXE.EMBED.MANIFEST
G:\冯总作业\CLIENT\RELCLIENT\DEBUG\RELCLIENT.EXE.EMBED.MANIFEST.RES
G:\冯总作业\Client\RelClient\Debug\RelClient.exe.intermediate.manifest
G:\冯总作业\CLIENT\RELCLIENT\DEBUG\RELCLIENT.OBJ
G:\冯总作业\CLIENT\RELCLIENT\DEBUG\RELCLIENT.PCH
G:\冯总作业\CLIENT\RELCLIENT\DEBUG\RELCLIENT.RES
G:\冯总作业\Client\RelClient\Debug\RelClient.write.1.tlog
G:\冯总作业\Client\RelClient\Debug\RelClient_manifest.rc
G:\冯总作业\CLIENT\RELCLIENT\DEBUG\RELCLIENTDLG.OBJ
G:\冯总作业\CLIENT\RELCLIENT\DEBUG\STDAFX.OBJ
G:\冯总作业\Client\RelClient\Debug\vc100.idb
G:\冯总作业\CLIENT\RELCLIENT\DEBUG\VC100.PDB
