生成启动时间为 2020/8/29 18:52:54。
     1>项目“G:\冯总作业\Client\Client\Client.vcxproj”在节点 2 上(build 个目标)。
     1>InitializeBuildStatus:
         正在创建“Debug\Srever.unsuccessfulbuild”，因为已指定“AlwaysCreate”。
       ClCompile:
         C:\Program Files (x86)\Microsoft Visual Studio 10.0\VC\bin\CL.exe /c /ZI /nologo /W3 /WX- /Od /Oy- /D WIN32 /D _WINDOWS /D _DEBUG /D _UNICODE /D UNICODE /D _AFXDLL /Gm /EHsc /RTC1 /MDd /GS /fp:precise /Zc:wchar_t /Zc:forScope /Yc"StdAfx.h" /Fp"Debug\Srever.pch" /Fo"Debug\\" /Fd"Debug\vc100.pdb" /Gd /TP /analyze- /errorReport:prompt stdafx.cpp
         stdafx.cpp
         C:\Program Files (x86)\Microsoft Visual Studio 10.0\VC\bin\CL.exe /c /ZI /nologo /W3 /WX- /Od /Oy- /D WIN32 /D _WINDOWS /D _DEBUG /D _UNICODE /D UNICODE /D _AFXDLL /Gm /EHsc /RTC1 /MDd /GS /fp:precise /Zc:wchar_t /Zc:forScope /Yu"StdAfx.h" /Fp"Debug\Srever.pch" /Fo"Debug\\" /Fd"Debug\vc100.pdb" /Gd /TP /analyze- /errorReport:prompt Client.cpp ClientDlg.cpp MySQLManager.cpp UserInfo.cpp
         UserInfo.cpp
         MySQLManager.cpp
     1>g:\冯总作业\client\client\mysqlmanager.cpp(117): warning C4244: “初始化”: 从“my_ulonglong”转换到“int”，可能丢失数据
         ClientDlg.cpp
     1>g:\冯总作业\client\client\clientdlg.cpp(229): warning C4244: “=”: 从“wchar_t”转换到“char”，可能丢失数据
     1>g:\冯总作业\client\client\clientdlg.cpp(267): warning C4244: “=”: 从“wchar_t”转换到“char”，可能丢失数据
         正在生成代码...
         正在跳过...(未检测到相关更改)
         Client.cpp
       ResourceCompile:
         所有输出均为最新。
       ManifestResourceCompile:
         所有输出均为最新。
       Link:
         C:\Program Files (x86)\Microsoft Visual Studio 10.0\VC\bin\link.exe /ERRORREPORT:PROMPT /OUT:"G:\冯总作业\Client\Debug\Srever.exe" /INCREMENTAL /NOLOGO /MANIFEST /ManifestFile:"Debug\Srever.exe.intermediate.manifest" /MANIFESTUAC:"level='asInvoker' uiAccess='false'" /DEBUG /PDB:"G:\冯总作业\Client\Debug\Srever.pdb" /SUBSYSTEM:WINDOWS /TLBID:1 /ENTRY:"wWinMainCRTStartup" /DYNAMICBASE /NXCOMPAT /IMPLIB:"G:\冯总作业\Client\Debug\Srever.lib" /MACHINE:X86 Debug\Client.res
         Debug\Srever.exe.embed.manifest.res
         Debug\Client.obj
         Debug\ClientDlg.obj
         Debug\MySQLManager.obj
         Debug\stdafx.obj
         Debug\UserInfo.obj
       Manifest:
         C:\Program Files (x86)\Microsoft SDKs\Windows\v7.0A\bin\mt.exe /nologo /verbose /out:"Debug\Srever.exe.embed.manifest" /manifest Debug\Srever.exe.intermediate.manifest "C:\Program Files (x86)\Microsoft Visual Studio 10.0\VC\Include\Manifest\dpiaware.manifest"
         所有输出均为最新。
       LinkEmbedManifest:
         所有输出均为最新。
         Client.vcxproj -> G:\冯总作业\Client\Debug\Srever.exe
       FinalizeBuildStatus:
         正在删除文件“Debug\Srever.unsuccessfulbuild”。
         正在对“Debug\Srever.lastbuildstate”执行 Touch 任务。
     1>已完成生成项目“G:\冯总作业\Client\Client\Client.vcxproj”(build 个目标)的操作。

生成成功。

已用时间 00:00:05.14
