G:\冯总作业\Client\Client\Debug\cl.command.1.tlog
G:\冯总作业\Client\Client\Debug\CL.read.1.tlog
G:\冯总作业\Client\Client\Debug\CL.write.1.tlog
G:\冯总作业\CLIENT\CLIENT\DEBUG\CLIENT.EXE.EMBED.MANIFEST
G:\冯总作业\CLIENT\CLIENT\DEBUG\CLIENT.EXE.EMBED.MANIFEST.RES
G:\冯总作业\CLIENT\CLIENT\DEBUG\CLIENT.EXE.INTERMEDIATE.MANIFEST
G:\冯总作业\CLIENT\CLIENT\DEBUG\CLIENT.OBJ
G:\冯总作业\CLIENT\CLIENT\DEBUG\CLIENT.PCH
G:\冯总作业\CLIENT\CLIENT\DEBUG\CLIENT.RES
G:\冯总作业\Client\Client\Debug\Client.vcxprojResolveAssemblyReference.cache
G:\冯总作业\Client\Client\Debug\Client.write.1.tlog
G:\冯总作业\Client\Client\Debug\Client_manifest.rc
G:\冯总作业\CLIENT\CLIENT\DEBUG\CLIENTDLG.OBJ
G:\冯总作业\Client\Client\Debug\link.8508.read.1.tlog
G:\冯总作业\Client\Client\Debug\link.8508.write.1.tlog
G:\冯总作业\Client\Client\Debug\link.8508-cvtres.read.1.tlog
G:\冯总作业\Client\Client\Debug\link.8508-cvtres.write.1.tlog
G:\冯总作业\Client\Client\Debug\link.command.1.tlog
G:\冯总作业\Client\Client\Debug\link.read.1.tlog
G:\冯总作业\Client\Client\Debug\link.write.1.tlog
G:\冯总作业\Client\Client\Debug\link-cvtres.read.1.tlog
G:\冯总作业\Client\Client\Debug\link-cvtres.write.1.tlog
G:\冯总作业\Client\Client\Debug\mt.command.1.tlog
G:\冯总作业\Client\Client\Debug\mt.read.1.tlog
G:\冯总作业\Client\Client\Debug\mt.write.1.tlog
G:\冯总作业\Client\Client\Debug\rc.command.1.tlog
G:\冯总作业\Client\Client\Debug\rc.read.1.tlog
G:\冯总作业\Client\Client\Debug\rc.write.1.tlog
G:\冯总作业\CLIENT\CLIENT\DEBUG\STDAFX.OBJ
G:\冯总作业\Client\Client\Debug\vc100.idb
G:\冯总作业\CLIENT\CLIENT\DEBUG\VC100.PDB
G:\冯总作业\CLIENT\DEBUG\CLIENT.EXE
G:\冯总作业\CLIENT\DEBUG\CLIENT.ILK
G:\冯总作业\CLIENT\DEBUG\CLIENT.PDB
