生成启动时间为 2020/8/29 18:45:10。
     1>项目“G:\冯总作业\Client\Client\Client.vcxproj”在节点 2 上(rebuild 个目标)。
     1>InitializeBuildStatus:
         正在创建“Release\Srever.unsuccessfulbuild”，因为已指定“AlwaysCreate”。
       ClCompile:
         C:\Program Files (x86)\Microsoft Visual Studio 10.0\VC\bin\CL.exe /c /Zi /nologo /W3 /WX- /O2 /Oi /Oy- /GL /D WIN32 /D _WINDOWS /D NDEBUG /D _UNICODE /D UNICODE /D _AFXDLL /Gm- /EHsc /MD /GS /Gy /fp:precise /Zc:wchar_t /Zc:forScope /Yc"StdAfx.h" /Fp"Release\Srever.pch" /Fo"Release\\" /Fd"Release\vc100.pdb" /Gd /TP /analyze- /errorReport:prompt stdafx.cpp
         stdafx.cpp
         C:\Program Files (x86)\Microsoft Visual Studio 10.0\VC\bin\CL.exe /c /Zi /nologo /W3 /WX- /O2 /Oi /Oy- /GL /D WIN32 /D _WINDOWS /D NDEBUG /D _UNICODE /D UNICODE /D _AFXDLL /Gm- /EHsc /MD /GS /Gy /fp:precise /Zc:wchar_t /Zc:forScope /Yu"StdAfx.h" /Fp"Release\Srever.pch" /Fo"Release\\" /Fd"Release\vc100.pdb" /Gd /TP /analyze- /errorReport:prompt Client.cpp ClientDlg.cpp MySQLManager.cpp UserInfo.cpp
         Client.cpp
         ClientDlg.cpp
     1>ClientDlg.cpp(229): warning C4244: “=”: 从“wchar_t”转换到“char”，可能丢失数据
     1>ClientDlg.cpp(267): warning C4244: “=”: 从“wchar_t”转换到“char”，可能丢失数据
         MySQLManager.cpp
     1>MySQLManager.cpp(117): warning C4244: “初始化”: 从“my_ulonglong”转换到“int”，可能丢失数据
         UserInfo.cpp
       ResourceCompile:
         C:\Program Files (x86)\Microsoft SDKs\Windows\v7.0A\bin\rc.exe /D NDEBUG /D _UNICODE /D UNICODE /D _AFXDLL /l"0x0804" /IRelease\ /nologo /fo"Release\Client.res" Client.rc 
       Link:
         C:\Program Files (x86)\Microsoft Visual Studio 10.0\VC\bin\link.exe /ERRORREPORT:PROMPT /OUT:"G:\冯总作业\Client\Release\Srever.exe" /INCREMENTAL:NO /NOLOGO /MANIFEST /ManifestFile:"Release\Srever.exe.intermediate.manifest" /MANIFESTUAC:"level='asInvoker' uiAccess='false'" /DEBUG /PDB:"G:\冯总作业\Client\Release\Srever.pdb" /SUBSYSTEM:WINDOWS /OPT:REF /OPT:ICF /LTCG /TLBID:1 /ENTRY:"wWinMainCRTStartup" /DYNAMICBASE /NXCOMPAT /IMPLIB:"G:\冯总作业\Client\Release\Srever.lib" /MACHINE:X86 Release\Client.res
         Release\Client.obj
         Release\ClientDlg.obj
         Release\MySQLManager.obj
         Release\stdafx.obj
         Release\UserInfo.obj
         正在生成代码
         已完成代码的生成
         Client.vcxproj -> G:\冯总作业\Client\Release\Srever.exe
       Manifest:
         C:\Program Files (x86)\Microsoft SDKs\Windows\v7.0A\bin\mt.exe /nologo /verbose /outputresource:"G:\冯总作业\Client\Release\Srever.exe;#1" /manifest Release\Srever.exe.intermediate.manifest "C:\Program Files (x86)\Microsoft Visual Studio 10.0\VC\Include\Manifest\dpiaware.manifest"
       FinalizeBuildStatus:
         正在删除文件“Release\Srever.unsuccessfulbuild”。
         正在对“Release\Srever.lastbuildstate”执行 Touch 任务。
     1>已完成生成项目“G:\冯总作业\Client\Client\Client.vcxproj”(rebuild 个目标)的操作。

生成成功。

已用时间 00:00:04.22
