G:\冯总作业\Client\RelClient\Release\cl.command.1.tlog
G:\冯总作业\Client\RelClient\Release\CL.read.1.tlog
G:\冯总作业\Client\RelClient\Release\CL.write.1.tlog
G:\冯总作业\CLIENT\RELCLIENT\RELEASE\CREATEUSER.OBJ
G:\冯总作业\Client\RelClient\Release\link.command.1.tlog
G:\冯总作业\Client\RelClient\Release\link.read.1.tlog
G:\冯总作业\Client\RelClient\Release\link.write.1.tlog
G:\冯总作业\Client\RelClient\Release\link-cvtres.read.1.tlog
G:\冯总作业\Client\RelClient\Release\link-cvtres.write.1.tlog
G:\冯总作业\CLIENT\RELCLIENT\RELEASE\LOGIN.OBJ
G:\冯总作业\CLIENT\RELCLIENT\RELEASE\LOGINDLG.OBJ
G:\冯总作业\Client\RelClient\Release\mt.command.1.tlog
G:\冯总作业\Client\RelClient\Release\mt.read.1.tlog
G:\冯总作业\Client\RelClient\Release\mt.write.1.tlog
G:\冯总作业\Client\RelClient\Release\rc.command.1.tlog
G:\冯总作业\Client\RelClient\Release\rc.read.1.tlog
G:\冯总作业\Client\RelClient\Release\rc.write.1.tlog
G:\冯总作业\CLIENT\RELCLIENT\RELEASE\RELCLIENT.EXE.INTERMEDIATE.MANIFEST
G:\冯总作业\CLIENT\RELCLIENT\RELEASE\RELCLIENT.OBJ
G:\冯总作业\CLIENT\RELCLIENT\RELEASE\RELCLIENT.PCH
G:\冯总作业\CLIENT\RELCLIENT\RELEASE\RELCLIENT.RES
G:\冯总作业\Client\RelClient\Release\RelClient.vcxprojResolveAssemblyReference.cache
G:\冯总作业\Client\RelClient\Release\RelClient.write.1.tlog
G:\冯总作业\CLIENT\RELCLIENT\RELEASE\RELCLIENTDLG.OBJ
G:\冯总作业\CLIENT\RELCLIENT\RELEASE\STDAFX.OBJ
G:\冯总作业\CLIENT\RELCLIENT\RELEASE\VC100.PDB
G:\冯总作业\CLIENT\RELEASE\RELCLIENT.EXE
G:\冯总作业\CLIENT\RELEASE\RELCLIENT.PDB
